# JRE version: Java(TM) SE Runtime Environment (8.0_111-b14) (build 1.8.0_111-b14)
# Java VM: Java HotSpot(TM) 64-Bit Server VM (25.111-b14 mixed mode windows-amd64 compressed oops)
Heap:
 PSYoungGen      total 192512K, used 179200K [0x00000000e0400000, 0x00000000ed500000, 0x0000000100000000)
  eden space 179200K, 100% used [0x00000000e0400000,0x00000000eb300000,0x00000000eb300000)
  from space 13312K, 0% used [0x00000000ec800000,0x00000000ec800000,0x00000000ed500000)
  to   space 17408K, 44% used [0x00000000eb300000,0x00000000eba94050,0x00000000ec400000)
 ParOldGen       total 86528K, used 22289K [0x00000000a0c00000, 0x00000000a6080000, 0x00000000e0400000)
  object space 86528K, 25% used [0x00000000a0c00000,0x00000000a21c4420,0x00000000a6080000)
 Metaspace       used 67796K, capacity 72352K, committed 72536K, reserved 1112064K
  class space    used 9307K, capacity 10112K, committed 10112K, reserved 1048576K
GC Heap History (10 events):
Event: 4.300 GC heap after
Heap after GC invocations=9 (full 1):
 PSYoungGen      total 146944K, used 10750K [0x00000000e0400000, 0x00000000ea200000, 0x0000000100000000)
  eden space 136192K, 0% used [0x00000000e0400000,0x00000000e0400000,0x00000000e8900000)
  from space 10752K, 99% used [0x00000000e9700000,0x00000000ea17fad8,0x00000000ea180000)
  to   space 12800K, 0% used [0x00000000e8900000,0x00000000e8900000,0x00000000e9580000)
 ParOldGen       total 41984K, used 9188K [0x00000000a0c00000, 0x00000000a3500000, 0x00000000e0400000)
  object space 41984K, 21% used [0x00000000a0c00000,0x00000000a14f9380,0x00000000a3500000)
 Metaspace       used 33245K, capacity 35246K, committed 35456K, reserved 1079296K
  class space    used 4266K, capacity 4621K, committed 4736K, reserved 1048576K
}
Event: 4.300 GC heap before
{Heap before GC invocations=10 (full 2):
 PSYoungGen      total 146944K, used 10750K [0x00000000e0400000, 0x00000000ea200000, 0x0000000100000000)
  eden space 136192K, 0% used [0x00000000e0400000,0x00000000e0400000,0x00000000e8900000)
  from space 10752K, 99% used [0x00000000e9700000,0x00000000ea17fad8,0x00000000ea180000)
  to   space 12800K, 0% used [0x00000000e8900000,0x00000000e8900000,0x00000000e9580000)
 ParOldGen       total 41984K, used 9188K [0x00000000a0c00000, 0x00000000a3500000, 0x00000000e0400000)
  object space 41984K, 21% used [0x00000000a0c00000,0x00000000a14f9380,0x00000000a3500000)
 Metaspace       used 33245K, capacity 35246K, committed 35456K, reserved 1079296K
  class space    used 4266K, capacity 4621K, committed 4736K, reserved 1048576K
Event: 4.378 GC heap after
Heap after GC invocations=10 (full 2):
 PSYoungGen      total 146944K, used 0K [0x00000000e0400000, 0x00000000ea200000, 0x0000000100000000)
  eden space 136192K, 0% used [0x00000000e0400000,0x00000000e0400000,0x00000000e8900000)
  from space 10752K, 0% used [0x00000000e9700000,0x00000000e9700000,0x00000000ea180000)
  to   space 12800K, 0% used [0x00000000e8900000,0x00000000e8900000,0x00000000e9580000)
 ParOldGen       total 64512K, used 15914K [0x00000000a0c00000, 0x00000000a4b00000, 0x00000000e0400000)
  object space 64512K, 24% used [0x00000000a0c00000,0x00000000a1b8aaa0,0x00000000a4b00000)
 Metaspace       used 33245K, capacity 35246K, committed 35456K, reserved 1079296K
  class space    used 4266K, capacity 4621K, committed 4736K, reserved 1048576K
}
Event: 7.333 GC heap before
{Heap before GC invocations=11 (full 2):
 PSYoungGen      total 146944K, used 136192K [0x00000000e0400000, 0x00000000ea200000, 0x0000000100000000)
  eden space 136192K, 100% used [0x00000000e0400000,0x00000000e8900000,0x00000000e8900000)
  from space 10752K, 0% used [0x00000000e9700000,0x00000000e9700000,0x00000000ea180000)
  to   space 12800K, 0% used [0x00000000e8900000,0x00000000e8900000,0x00000000e9580000)
 ParOldGen       total 64512K, used 15914K [0x00000000a0c00000, 0x00000000a4b00000, 0x00000000e0400000)
  object space 64512K, 24% used [0x00000000a0c00000,0x00000000a1b8aaa0,0x00000000a4b00000)
 Metaspace       used 50772K, capacity 53544K, committed 53888K, reserved 1095680K
  class space    used 6910K, capacity 7437K, committed 7552K, reserved 1048576K
Event: 7.353 GC heap after
Heap after GC invocations=11 (full 2):
 PSYoungGen      total 148992K, used 12795K [0x00000000e0400000, 0x00000000ed900000, 0x0000000100000000)
  eden space 136192K, 0% used [0x00000000e0400000,0x00000000e0400000,0x00000000e8900000)
  from space 12800K, 99% used [0x00000000e8900000,0x00000000e957ec70,0x00000000e9580000)
  to   space 17408K, 0% used [0x00000000ec800000,0x00000000ec800000,0x00000000ed900000)
 ParOldGen       total 64512K, used 21883K [0x00000000a0c00000, 0x00000000a4b00000, 0x00000000e0400000)
  object space 64512K, 33% used [0x00000000a0c00000,0x00000000a215ed08,0x00000000a4b00000)
 Metaspace       used 50772K, capacity 53544K, committed 53888K, reserved 1095680K
  class space    used 6910K, capacity 7437K, committed 7552K, reserved 1048576K
}
Event: 8.714 GC heap before
{Heap before GC invocations=12 (full 2):
 PSYoungGen      total 148992K, used 67612K [0x00000000e0400000, 0x00000000ed900000, 0x0000000100000000)
  eden space 136192K, 40% used [0x00000000e0400000,0x00000000e3988738,0x00000000e8900000)
  from space 12800K, 99% used [0x00000000e8900000,0x00000000e957ec70,0x00000000e9580000)
  to   space 17408K, 0% used [0x00000000ec800000,0x00000000ec800000,0x00000000ed900000)
 ParOldGen       total 64512K, used 21883K [0x00000000a0c00000, 0x00000000a4b00000, 0x00000000e0400000)
  object space 64512K, 33% used [0x00000000a0c00000,0x00000000a215ed08,0x00000000a4b00000)
 Metaspace       used 55598K, capacity 58966K, committed 59096K, reserved 1099776K
  class space    used 7586K, capacity 8174K, committed 8192K, reserved 1048576K
Event: 8.727 GC heap after
Heap after GC invocations=12 (full 2):
 PSYoungGen      total 192512K, used 11149K [0x00000000e0400000, 0x00000000ed500000, 0x0000000100000000)
  eden space 179200K, 0% used [0x00000000e0400000,0x00000000e0400000,0x00000000eb300000)
  from space 13312K, 83% used [0x00000000ec800000,0x00000000ed2e35b0,0x00000000ed500000)
  to   space 17408K, 0% used [0x00000000eb300000,0x00000000eb300000,0x00000000ec400000)
 ParOldGen       total 64512K, used 21891K [0x00000000a0c00000, 0x00000000a4b00000, 0x00000000e0400000)
  object space 64512K, 33% used [0x00000000a0c00000,0x00000000a2160d08,0x00000000a4b00000)
 Metaspace       used 55598K, capacity 58966K, committed 59096K, reserved 1099776K
  class space    used 7586K, capacity 8174K, committed 8192K, reserved 1048576K
}
Event: 8.727 GC heap before
{Heap before GC invocations=13 (full 3):
 PSYoungGen      total 192512K, used 11149K [0x00000000e0400000, 0x00000000ed500000, 0x0000000100000000)
  eden space 179200K, 0% used [0x00000000e0400000,0x00000000e0400000,0x00000000eb300000)
  from space 13312K, 83% used [0x00000000ec800000,0x00000000ed2e35b0,0x00000000ed500000)
  to   space 17408K, 0% used [0x00000000eb300000,0x00000000eb300000,0x00000000ec400000)
 ParOldGen       total 64512K, used 21891K [0x00000000a0c00000, 0x00000000a4b00000, 0x00000000e0400000)
  object space 64512K, 33% used [0x00000000a0c00000,0x00000000a2160d08,0x00000000a4b00000)
 Metaspace       used 55598K, capacity 58966K, committed 59096K, reserved 1099776K
  class space    used 7586K, capacity 8174K, committed 8192K, reserved 1048576K
Event: 8.855 GC heap after
Heap after GC invocations=13 (full 3):
 PSYoungGen      total 192512K, used 0K [0x00000000e0400000, 0x00000000ed500000, 0x0000000100000000)
  eden space 179200K, 0% used [0x00000000e0400000,0x00000000e0400000,0x00000000eb300000)
  from space 13312K, 0% used [0x00000000ec800000,0x00000000ec800000,0x00000000ed500000)
  to   space 17408K, 0% used [0x00000000eb300000,0x00000000eb300000,0x00000000ec400000)
 ParOldGen       total 86528K, used 22281K [0x00000000a0c00000, 0x00000000a6080000, 0x00000000e0400000)
  object space 86528K, 25% used [0x00000000a0c00000,0x00000000a21c2420,0x00000000a6080000)
 Metaspace       used 55598K, capacity 58966K, committed 59096K, reserved 1099776K
  class space    used 7586K, capacity 8174K, committed 8192K, reserved 1048576K
}
Event: 19506.284 GC heap before
{Heap before GC invocations=14 (full 3):
 PSYoungGen      total 192512K, used 179200K [0x00000000e0400000, 0x00000000ed500000, 0x0000000100000000)
  eden space 179200K, 100% used [0x00000000e0400000,0x00000000eb300000,0x00000000eb300000)
  from space 13312K, 0% used [0x00000000ec800000,0x00000000ec800000,0x00000000ed500000)
  to   space 17408K, 0% used [0x00000000eb300000,0x00000000eb300000,0x00000000ec400000)
 ParOldGen       total 86528K, used 22281K [0x00000000a0c00000, 0x00000000a6080000, 0x00000000e0400000)
  object space 86528K, 25% used [0x00000000a0c00000,0x00000000a21c2420,0x00000000a6080000)
 Metaspace       used 67796K, capacity 72352K, committed 72536K, reserved 1112064K
  class space    used 9307K, capacity 10112K, committed 10112K, reserved 1048576K

